<?xml version="1.0" encoding="UTF-8"?>
<!-- Generated by org.testng.reporters.JUnitXMLReporter -->
<testsuite ignored="0" hostname="Surya" failures="0" tests="15" name="Test" time="312.619" errors="0" timestamp="2024-09-16T09:22:59 IST">
  <testcase classname="Project1Ecommerce.TestCase12EachPayment" name="select_each_payment" time="22.497"/>
  <testcase classname="Project1Ecommerce.TestCase11CheckOut" name="Check_Out_Process" time="38.837"/>
  <testcase classname="Project1Ecommerce.TestCase9Cart" name="add_cart" time="17.403"/>
  <testcase classname="Project1Ecommerce.TestCase4SuccessEdit" name="successEdit" time="13.962"/>
  <testcase classname="Project1Ecommerce.TestCase10UpdateQuantitiesRemoveItem" name="updateQuantityCart" time="24.632"/>
  <testcase classname="Project1Ecommerce.TestCase13CouponCode" name="couponCodeApply" time="27.697"/>
  <testcase classname="Project1Ecommerce.TestCase1Register" name="register_amazon" time="2.544"/>
  <testcase classname="Project1Ecommerce.TestCase7Details" name="details_page" time="9.664"/>
  <testcase classname="Project1Ecommerce.TestCase14OrdersRating" name="ordersRatings" time="7.322"/>
  <testcase classname="Project1Ecommerce.TestCase6SearchFilter" name="search_filter" time="4.457"/>
  <testcase classname="Project1Ecommerce.TestCase3LoginFails" name="loginfailamazon" time="5.862"/>
  <testcase classname="Project1Ecommerce.TestCase8RelevanceRating" name="relevance_rating" time="7.541"/>
  <testcase classname="Project1Ecommerce.TestCase15CartwithoutLogin" name="cartWithoutLogin" time="17.127"/>
  <testcase classname="Project1Ecommerce.TestCase5Search" name="amazon_search" time="6.151"/>
  <testcase classname="Project1Ecommerce.TestCase2Login" name="loginamazon" time="7.553"/>
</testsuite> <!-- Test -->
