<?xml version="1.0" encoding="UTF-8"?>
<!-- Generated by org.testng.reporters.JUnitXMLReporter -->
<testsuite ignored="0" hostname="Surya" failures="0" tests="18" name="Test" time="519.828" errors="0" timestamp="2024-09-09T15:38:12 IST">
  <testcase classname="Project1Ecommerce.TestCase12EachPayment" name="select_each_payment" time="19.906"/>
  <testcase classname="Project1Ecommerce.TestCase4SuccessEdit" name="successEdit" time="35.189">
    <skipped/>
  </testcase> <!-- successEdit -->
  <testcase classname="Project1Ecommerce.TestCase4SuccessEdit" name="successEdit" time="30.033">
    <skipped/>
  </testcase> <!-- successEdit -->
  <testcase classname="Project1Ecommerce.TestCase4SuccessEdit" name="successEdit" time="11.273"/>
  <testcase classname="Project1Ecommerce.TestCase10UpdateQuantitiesRemoveItem" name="updateQuantityCart" time="16.633"/>
  <testcase classname="Project1Ecommerce.TestCase11CheckOut" name="Check_Out_Process" time="32.177"/>
  <testcase classname="Project1Ecommerce.TestCase9Cart" name="add_cart" time="32.483">
    <skipped/>
  </testcase> <!-- add_cart -->
  <testcase classname="Project1Ecommerce.TestCase9Cart" name="add_cart" time="12.927"/>
  <testcase classname="Project1Ecommerce.TestCase13CouponCode" name="couponCodeApply" time="17.872"/>
  <testcase classname="Project1Ecommerce.TestCase7Details" name="details_page" time="9.475"/>
  <testcase classname="Project1Ecommerce.TestCase14OrdersRating" name="ordersRatings" time="32.163">
    <skipped/>
  </testcase> <!-- ordersRatings -->
  <testcase classname="Project1Ecommerce.TestCase14OrdersRating" name="ordersRatings" time="5.984"/>
  <testcase classname="Project1Ecommerce.TestCase3LoginFails" name="loginfailamazon" time="3.209"/>
  <testcase classname="Project1Ecommerce.TestCase6SearchFilter" name="search_filter" time="3.022"/>
  <testcase classname="Project1Ecommerce.TestCase15CartwithoutLogin" name="cartWithoutLogin" time="35.883"/>
  <testcase classname="Project1Ecommerce.TestCase8RelevanceRating" name="relevance_rating" time="2.661"/>
  <testcase classname="Project1Ecommerce.TestCase5Search" name="amazon_search" time="2.794"/>
  <testcase classname="Project1Ecommerce.TestCase2Login" name="loginamazon" time="5.907"/>
</testsuite> <!-- Test -->
