<?xml version="1.0" encoding="UTF-8"?>
<testng-results ignored="0" total="15" passed="15" failed="0" skipped="0">
  <reporter-output>
    <line>
      <![CDATA[TestCASE is Passed, Check Screenshots for better INFO]]>
    </line>
    <line>
      <![CDATA[TestCASE is Passed, Check Screenshots for better INFO]]>
    </line>
    <line>
      <![CDATA[TestCASE is Passed, Check Screenshots for better INFO]]>
    </line>
    <line>
      <![CDATA[TestCASE is Passed, Check Screenshots for better INFO]]>
    </line>
    <line>
      <![CDATA[TestCASE is Passed, Check Screenshots for better INFO]]>
    </line>
    <line>
      <![CDATA[TestCASE is Passed, Check Screenshots for better INFO]]>
    </line>
    <line>
      <![CDATA[TestCASE is Passed, Check Screenshots for better INFO]]>
    </line>
    <line>
      <![CDATA[TestCASE is Passed, Check Screenshots for better INFO]]>
    </line>
    <line>
      <![CDATA[TestCASE is Passed, Check Screenshots for better INFO]]>
    </line>
    <line>
      <![CDATA[TestCASE is Passed, Check Screenshots for better INFO]]>
    </line>
    <line>
      <![CDATA[TestCASE is Passed, Check Screenshots for better INFO]]>
    </line>
    <line>
      <![CDATA[TestCASE is Passed, Check Screenshots for better INFO]]>
    </line>
    <line>
      <![CDATA[TestCASE is Passed, Check Screenshots for better INFO]]>
    </line>
    <line>
      <![CDATA[TestCASE is Passed, Check Screenshots for better INFO]]>
    </line>
    <line>
      <![CDATA[TestCASE is Passed, Check Screenshots for better INFO]]>
    </line>
  </reporter-output>
  <suite started-at="2024-09-16T09:17:46 IST" name="Suite" finished-at="2024-09-16T09:22:59 IST" duration-ms="312619">
    <groups>
    </groups>
    <test started-at="2024-09-16T09:17:46 IST" name="Test" finished-at="2024-09-16T09:22:59 IST" duration-ms="312619">
      <class name="Project1Ecommerce.TestCase8RelevanceRating">
        <test-method is-config="true" signature="launchBrowser()[pri:0, instance:Project1Ecommerce.TestCase8RelevanceRating@6f03482]" started-at="2024-09-16T09:21:58 IST" name="launchBrowser" finished-at="2024-09-16T09:22:00 IST" duration-ms="1740" status="PASS">
          <reporter-output>
          </reporter-output>
        </test-method> <!-- launchBrowser -->
        <test-method signature="relevance_rating()[pri:0, instance:Project1Ecommerce.TestCase8RelevanceRating@6f03482]" started-at="2024-09-16T09:22:00 IST" name="relevance_rating" finished-at="2024-09-16T09:22:08 IST" duration-ms="7541" status="PASS">
          <reporter-output>
            <line>
              <![CDATA[TestCASE is Passed, Check Screenshots for better INFO]]>
            </line>
          </reporter-output>
        </test-method> <!-- relevance_rating -->
        <test-method is-config="true" signature="quitBrowser()[pri:0, instance:Project1Ecommerce.TestCase8RelevanceRating@6f03482]" started-at="2024-09-16T09:22:08 IST" name="quitBrowser" finished-at="2024-09-16T09:22:08 IST" duration-ms="396" status="PASS">
          <reporter-output>
          </reporter-output>
        </test-method> <!-- quitBrowser -->
      </class> <!-- Project1Ecommerce.TestCase8RelevanceRating -->
      <class name="Project1Ecommerce.TestCase7Details">
        <test-method is-config="true" signature="launchBrowser()[pri:0, instance:Project1Ecommerce.TestCase7Details@3eb738bb]" started-at="2024-09-16T09:21:00 IST" name="launchBrowser" finished-at="2024-09-16T09:21:06 IST" duration-ms="5516" status="PASS">
          <reporter-output>
          </reporter-output>
        </test-method> <!-- launchBrowser -->
        <test-method signature="details_page()[pri:0, instance:Project1Ecommerce.TestCase7Details@3eb738bb]" started-at="2024-09-16T09:21:06 IST" name="details_page" finished-at="2024-09-16T09:21:15 IST" duration-ms="9664" status="PASS">
          <reporter-output>
            <line>
              <![CDATA[TestCASE is Passed, Check Screenshots for better INFO]]>
            </line>
          </reporter-output>
        </test-method> <!-- details_page -->
        <test-method is-config="true" signature="quitBrowser()[pri:0, instance:Project1Ecommerce.TestCase7Details@3eb738bb]" started-at="2024-09-16T09:21:16 IST" name="quitBrowser" finished-at="2024-09-16T09:21:17 IST" duration-ms="610" status="PASS">
          <reporter-output>
          </reporter-output>
        </test-method> <!-- quitBrowser -->
      </class> <!-- Project1Ecommerce.TestCase7Details -->
      <class name="Project1Ecommerce.TestCase14OrdersRating">
        <test-method is-config="true" signature="launchBrowser()[pri:0, instance:Project1Ecommerce.TestCase14OrdersRating@5bda8e08]" started-at="2024-09-16T09:21:17 IST" name="launchBrowser" finished-at="2024-09-16T09:21:26 IST" duration-ms="8760" status="PASS">
          <reporter-output>
          </reporter-output>
        </test-method> <!-- launchBrowser -->
        <test-method signature="ordersRatings()[pri:0, instance:Project1Ecommerce.TestCase14OrdersRating@5bda8e08]" started-at="2024-09-16T09:21:26 IST" name="ordersRatings" finished-at="2024-09-16T09:21:33 IST" duration-ms="7322" status="PASS">
          <reporter-output>
            <line>
              <![CDATA[TestCASE is Passed, Check Screenshots for better INFO]]>
            </line>
          </reporter-output>
        </test-method> <!-- ordersRatings -->
        <test-method is-config="true" signature="quitBrowser()[pri:0, instance:Project1Ecommerce.TestCase14OrdersRating@5bda8e08]" started-at="2024-09-16T09:21:33 IST" name="quitBrowser" finished-at="2024-09-16T09:21:34 IST" duration-ms="762" status="PASS">
          <reporter-output>
          </reporter-output>
        </test-method> <!-- quitBrowser -->
      </class> <!-- Project1Ecommerce.TestCase14OrdersRating -->
      <class name="Project1Ecommerce.TestCase3LoginFails">
        <test-method is-config="true" signature="launchBrowser()[pri:0, instance:Project1Ecommerce.TestCase3LoginFails@185a6e9]" started-at="2024-09-16T09:21:44 IST" name="launchBrowser" finished-at="2024-09-16T09:21:52 IST" duration-ms="7484" status="PASS">
          <reporter-output>
          </reporter-output>
        </test-method> <!-- launchBrowser -->
        <test-method signature="loginfailamazon()[pri:0, instance:Project1Ecommerce.TestCase3LoginFails@185a6e9]" started-at="2024-09-16T09:21:52 IST" name="loginfailamazon" finished-at="2024-09-16T09:21:58 IST" duration-ms="5862" status="PASS">
          <reporter-output>
            <line>
              <![CDATA[TestCASE is Passed, Check Screenshots for better INFO]]>
            </line>
          </reporter-output>
        </test-method> <!-- loginfailamazon -->
        <test-method is-config="true" signature="quitBrowser()[pri:0, instance:Project1Ecommerce.TestCase3LoginFails@185a6e9]" started-at="2024-09-16T09:21:58 IST" name="quitBrowser" finished-at="2024-09-16T09:21:58 IST" duration-ms="320" status="PASS">
          <reporter-output>
          </reporter-output>
        </test-method> <!-- quitBrowser -->
      </class> <!-- Project1Ecommerce.TestCase3LoginFails -->
      <class name="Project1Ecommerce.TestCase11CheckOut">
        <test-method is-config="true" signature="launchBrowser()[pri:0, instance:Project1Ecommerce.TestCase11CheckOut@6743e411]" started-at="2024-09-16T09:18:16 IST" name="launchBrowser" finished-at="2024-09-16T09:18:21 IST" duration-ms="4898" status="PASS">
          <reporter-output>
          </reporter-output>
        </test-method> <!-- launchBrowser -->
        <test-method signature="Check_Out_Process()[pri:0, instance:Project1Ecommerce.TestCase11CheckOut@6743e411]" started-at="2024-09-16T09:18:21 IST" name="Check_Out_Process" finished-at="2024-09-16T09:19:00 IST" duration-ms="38837" status="PASS">
          <reporter-output>
            <line>
              <![CDATA[TestCASE is Passed, Check Screenshots for better INFO]]>
            </line>
          </reporter-output>
        </test-method> <!-- Check_Out_Process -->
        <test-method is-config="true" signature="quitBrowser()[pri:0, instance:Project1Ecommerce.TestCase11CheckOut@6743e411]" started-at="2024-09-16T09:19:00 IST" name="quitBrowser" finished-at="2024-09-16T09:19:01 IST" duration-ms="608" status="PASS">
          <reporter-output>
          </reporter-output>
        </test-method> <!-- quitBrowser -->
      </class> <!-- Project1Ecommerce.TestCase11CheckOut -->
      <class name="Project1Ecommerce.TestCase15CartwithoutLogin">
        <test-method is-config="true" signature="launchBrowser()[pri:0, instance:Project1Ecommerce.TestCase15CartwithoutLogin@9d5509a]" started-at="2024-09-16T09:22:08 IST" name="launchBrowser" finished-at="2024-09-16T09:22:12 IST" duration-ms="3671" status="PASS">
          <reporter-output>
          </reporter-output>
        </test-method> <!-- launchBrowser -->
        <test-method signature="cartWithoutLogin()[pri:0, instance:Project1Ecommerce.TestCase15CartwithoutLogin@9d5509a]" started-at="2024-09-16T09:22:12 IST" name="cartWithoutLogin" finished-at="2024-09-16T09:22:29 IST" duration-ms="17127" status="PASS">
          <reporter-output>
            <line>
              <![CDATA[TestCASE is Passed, Check Screenshots for better INFO]]>
            </line>
          </reporter-output>
        </test-method> <!-- cartWithoutLogin -->
        <test-method is-config="true" signature="quitBrowser()[pri:0, instance:Project1Ecommerce.TestCase15CartwithoutLogin@9d5509a]" started-at="2024-09-16T09:22:29 IST" name="quitBrowser" finished-at="2024-09-16T09:22:30 IST" duration-ms="357" status="PASS">
          <reporter-output>
          </reporter-output>
        </test-method> <!-- quitBrowser -->
      </class> <!-- Project1Ecommerce.TestCase15CartwithoutLogin -->
      <class name="Project1Ecommerce.TestCase12EachPayment">
        <test-method is-config="true" signature="launchBrowser()[pri:0, instance:Project1Ecommerce.TestCase12EachPayment@28701274]" started-at="2024-09-16T09:17:46 IST" name="launchBrowser" finished-at="2024-09-16T09:17:53 IST" duration-ms="6932" status="PASS">
          <reporter-output>
          </reporter-output>
        </test-method> <!-- launchBrowser -->
        <test-method signature="select_each_payment()[pri:0, instance:Project1Ecommerce.TestCase12EachPayment@28701274]" started-at="2024-09-16T09:17:53 IST" name="select_each_payment" finished-at="2024-09-16T09:18:15 IST" duration-ms="22497" status="PASS">
          <reporter-output>
            <line>
              <![CDATA[TestCASE is Passed, Check Screenshots for better INFO]]>
            </line>
          </reporter-output>
        </test-method> <!-- select_each_payment -->
        <test-method is-config="true" signature="quitBrowser()[pri:0, instance:Project1Ecommerce.TestCase12EachPayment@28701274]" started-at="2024-09-16T09:18:16 IST" name="quitBrowser" finished-at="2024-09-16T09:18:16 IST" duration-ms="599" status="PASS">
          <reporter-output>
          </reporter-output>
        </test-method> <!-- quitBrowser -->
      </class> <!-- Project1Ecommerce.TestCase12EachPayment -->
      <class name="Project1Ecommerce.TestCase5Search">
        <test-method is-config="true" signature="launchBrowser()[pri:0, instance:Project1Ecommerce.TestCase5Search@179ece50]" started-at="2024-09-16T09:22:30 IST" name="launchBrowser" finished-at="2024-09-16T09:22:35 IST" duration-ms="5216" status="PASS">
          <reporter-output>
          </reporter-output>
        </test-method> <!-- launchBrowser -->
        <test-method signature="amazon_search()[pri:0, instance:Project1Ecommerce.TestCase5Search@179ece50]" started-at="2024-09-16T09:22:35 IST" name="amazon_search" finished-at="2024-09-16T09:22:41 IST" duration-ms="6151" status="PASS">
          <reporter-output>
            <line>
              <![CDATA[TestCASE is Passed, Check Screenshots for better INFO]]>
            </line>
          </reporter-output>
        </test-method> <!-- amazon_search -->
        <test-method is-config="true" signature="quitBrowser()[pri:0, instance:Project1Ecommerce.TestCase5Search@179ece50]" started-at="2024-09-16T09:22:42 IST" name="quitBrowser" finished-at="2024-09-16T09:22:42 IST" duration-ms="354" status="PASS">
          <reporter-output>
          </reporter-output>
        </test-method> <!-- quitBrowser -->
      </class> <!-- Project1Ecommerce.TestCase5Search -->
      <class name="Project1Ecommerce.TestCase2Login">
        <test-method is-config="true" signature="launchBrowser()[pri:0, instance:Project1Ecommerce.TestCase2Login@3b0090a4]" started-at="2024-09-16T09:22:42 IST" name="launchBrowser" finished-at="2024-09-16T09:22:50 IST" duration-ms="7643" status="PASS">
          <reporter-output>
          </reporter-output>
        </test-method> <!-- launchBrowser -->
        <test-method signature="loginamazon()[pri:0, instance:Project1Ecommerce.TestCase2Login@3b0090a4]" started-at="2024-09-16T09:22:50 IST" name="loginamazon" finished-at="2024-09-16T09:22:57 IST" duration-ms="7553" status="PASS">
          <reporter-output>
            <line>
              <![CDATA[TestCASE is Passed, Check Screenshots for better INFO]]>
            </line>
          </reporter-output>
        </test-method> <!-- loginamazon -->
        <test-method is-config="true" signature="quitBrowser()[pri:0, instance:Project1Ecommerce.TestCase2Login@3b0090a4]" started-at="2024-09-16T09:22:58 IST" name="quitBrowser" finished-at="2024-09-16T09:22:59 IST" duration-ms="435" status="PASS">
          <reporter-output>
          </reporter-output>
        </test-method> <!-- quitBrowser -->
      </class> <!-- Project1Ecommerce.TestCase2Login -->
      <class name="Project1Ecommerce.TestCase6SearchFilter">
        <test-method is-config="true" signature="launchBrowser()[pri:0, instance:Project1Ecommerce.TestCase6SearchFilter@1e800aaa]" started-at="2024-09-16T09:21:34 IST" name="launchBrowser" finished-at="2024-09-16T09:21:39 IST" duration-ms="4773" status="PASS">
          <reporter-output>
          </reporter-output>
        </test-method> <!-- launchBrowser -->
        <test-method signature="search_filter()[pri:0, instance:Project1Ecommerce.TestCase6SearchFilter@1e800aaa]" started-at="2024-09-16T09:21:39 IST" name="search_filter" finished-at="2024-09-16T09:21:43 IST" duration-ms="4457" status="PASS">
          <reporter-output>
            <line>
              <![CDATA[TestCASE is Passed, Check Screenshots for better INFO]]>
            </line>
          </reporter-output>
        </test-method> <!-- search_filter -->
        <test-method is-config="true" signature="quitBrowser()[pri:0, instance:Project1Ecommerce.TestCase6SearchFilter@1e800aaa]" started-at="2024-09-16T09:21:44 IST" name="quitBrowser" finished-at="2024-09-16T09:21:44 IST" duration-ms="511" status="PASS">
          <reporter-output>
          </reporter-output>
        </test-method> <!-- quitBrowser -->
      </class> <!-- Project1Ecommerce.TestCase6SearchFilter -->
      <class name="Project1Ecommerce.TestCase13CouponCode">
        <test-method is-config="true" signature="launchBrowser()[pri:0, instance:Project1Ecommerce.TestCase13CouponCode@f5958c9]" started-at="2024-09-16T09:20:18 IST" name="launchBrowser" finished-at="2024-09-16T09:20:22 IST" duration-ms="3865" status="PASS">
          <reporter-output>
          </reporter-output>
        </test-method> <!-- launchBrowser -->
        <test-method signature="couponCodeApply()[pri:0, instance:Project1Ecommerce.TestCase13CouponCode@f5958c9]" started-at="2024-09-16T09:20:22 IST" name="couponCodeApply" finished-at="2024-09-16T09:20:50 IST" duration-ms="27697" status="PASS">
          <reporter-output>
            <line>
              <![CDATA[TestCASE is Passed, Check Screenshots for better INFO]]>
            </line>
          </reporter-output>
        </test-method> <!-- couponCodeApply -->
        <test-method is-config="true" signature="quitBrowser()[pri:0, instance:Project1Ecommerce.TestCase13CouponCode@f5958c9]" started-at="2024-09-16T09:20:50 IST" name="quitBrowser" finished-at="2024-09-16T09:20:50 IST" duration-ms="451" status="PASS">
          <reporter-output>
          </reporter-output>
        </test-method> <!-- quitBrowser -->
      </class> <!-- Project1Ecommerce.TestCase13CouponCode -->
      <class name="Project1Ecommerce.TestCase10UpdateQuantitiesRemoveItem">
        <test-method is-config="true" signature="launchBrowser()[pri:0, instance:Project1Ecommerce.TestCase10UpdateQuantitiesRemoveItem@77c2494c]" started-at="2024-09-16T09:19:46 IST" name="launchBrowser" finished-at="2024-09-16T09:19:52 IST" duration-ms="6292" status="PASS">
          <reporter-output>
          </reporter-output>
        </test-method> <!-- launchBrowser -->
        <test-method signature="updateQuantityCart()[pri:0, instance:Project1Ecommerce.TestCase10UpdateQuantitiesRemoveItem@77c2494c]" started-at="2024-09-16T09:19:52 IST" name="updateQuantityCart" finished-at="2024-09-16T09:20:17 IST" duration-ms="24632" status="PASS">
          <reporter-output>
            <line>
              <![CDATA[TestCASE is Passed, Check Screenshots for better INFO]]>
            </line>
          </reporter-output>
        </test-method> <!-- updateQuantityCart -->
        <test-method is-config="true" signature="quitBrowser()[pri:0, instance:Project1Ecommerce.TestCase10UpdateQuantitiesRemoveItem@77c2494c]" started-at="2024-09-16T09:20:17 IST" name="quitBrowser" finished-at="2024-09-16T09:20:18 IST" duration-ms="678" status="PASS">
          <reporter-output>
          </reporter-output>
        </test-method> <!-- quitBrowser -->
      </class> <!-- Project1Ecommerce.TestCase10UpdateQuantitiesRemoveItem -->
      <class name="Project1Ecommerce.TestCase4SuccessEdit">
        <test-method is-config="true" signature="launchBrowser()[pri:0, instance:Project1Ecommerce.TestCase4SuccessEdit@477b4cdf]" started-at="2024-09-16T09:19:25 IST" name="launchBrowser" finished-at="2024-09-16T09:19:31 IST" duration-ms="6101" status="PASS">
          <reporter-output>
          </reporter-output>
        </test-method> <!-- launchBrowser -->
        <test-method signature="successEdit()[pri:0, instance:Project1Ecommerce.TestCase4SuccessEdit@477b4cdf]" started-at="2024-09-16T09:19:31 IST" name="successEdit" finished-at="2024-09-16T09:19:45 IST" duration-ms="13962" status="PASS">
          <reporter-output>
            <line>
              <![CDATA[TestCASE is Passed, Check Screenshots for better INFO]]>
            </line>
          </reporter-output>
        </test-method> <!-- successEdit -->
        <test-method is-config="true" signature="quitBrowser()[pri:0, instance:Project1Ecommerce.TestCase4SuccessEdit@477b4cdf]" started-at="2024-09-16T09:19:46 IST" name="quitBrowser" finished-at="2024-09-16T09:19:46 IST" duration-ms="423" status="PASS">
          <reporter-output>
          </reporter-output>
        </test-method> <!-- quitBrowser -->
      </class> <!-- Project1Ecommerce.TestCase4SuccessEdit -->
      <class name="Project1Ecommerce.TestCase9Cart">
        <test-method is-config="true" signature="launchBrowser()[pri:0, instance:Project1Ecommerce.TestCase9Cart@3eb25e1a]" started-at="2024-09-16T09:19:01 IST" name="launchBrowser" finished-at="2024-09-16T09:19:07 IST" duration-ms="6390" status="PASS">
          <reporter-output>
          </reporter-output>
        </test-method> <!-- launchBrowser -->
        <test-method signature="add_cart()[pri:0, instance:Project1Ecommerce.TestCase9Cart@3eb25e1a]" started-at="2024-09-16T09:19:07 IST" name="add_cart" finished-at="2024-09-16T09:19:25 IST" duration-ms="17403" status="PASS">
          <reporter-output>
            <line>
              <![CDATA[TestCASE is Passed, Check Screenshots for better INFO]]>
            </line>
          </reporter-output>
        </test-method> <!-- add_cart -->
        <test-method is-config="true" signature="quitBrowser()[pri:0, instance:Project1Ecommerce.TestCase9Cart@3eb25e1a]" started-at="2024-09-16T09:19:25 IST" name="quitBrowser" finished-at="2024-09-16T09:19:25 IST" duration-ms="346" status="PASS">
          <reporter-output>
          </reporter-output>
        </test-method> <!-- quitBrowser -->
      </class> <!-- Project1Ecommerce.TestCase9Cart -->
      <class name="Project1Ecommerce.TestCase1Register">
        <test-method is-config="true" signature="launchBrowser()[pri:0, instance:Project1Ecommerce.TestCase1Register@233795b6]" started-at="2024-09-16T09:20:50 IST" name="launchBrowser" finished-at="2024-09-16T09:20:56 IST" duration-ms="6011" status="PASS">
          <reporter-output>
          </reporter-output>
        </test-method> <!-- launchBrowser -->
        <test-method signature="register_amazon()[pri:0, instance:Project1Ecommerce.TestCase1Register@233795b6]" started-at="2024-09-16T09:20:56 IST" name="register_amazon" finished-at="2024-09-16T09:20:59 IST" duration-ms="2544" status="PASS">
          <reporter-output>
            <line>
              <![CDATA[TestCASE is Passed, Check Screenshots for better INFO]]>
            </line>
          </reporter-output>
        </test-method> <!-- register_amazon -->
        <test-method is-config="true" signature="quitBrowser()[pri:0, instance:Project1Ecommerce.TestCase1Register@233795b6]" started-at="2024-09-16T09:21:00 IST" name="quitBrowser" finished-at="2024-09-16T09:21:00 IST" duration-ms="379" status="PASS">
          <reporter-output>
          </reporter-output>
        </test-method> <!-- quitBrowser -->
      </class> <!-- Project1Ecommerce.TestCase1Register -->
    </test> <!-- Test -->
  </suite> <!-- Suite -->
</testng-results>
